26 Dec 2017, 14:22
-------------------
SQLSTATE[42000]: Syntax error or access violation: 1064 You have an error in your SQL syntax; check the manual that corresponds to your MySQL server version for the right syntax to use near ';frdsvr tagsr' at line 1 in [ /Users/gmbr/www/blog/_inc/config.php on line: 49 ]


26 Dec 2017, 14:24
-------------------
SQLSTATE[42S02]: Base table or view not found: 1146 Table 'miniblog.tagsr' doesn't exist in [ /Users/gmbr/www/blog/_inc/config.php on line: 49 ]


mailer success log
-------------------
2018-01-14 00:38:50 Connection: opening to smtp.websupport.sk:587, timeout=300, options=array ()
2018-01-14 00:38:50 Connection: opened
2018-01-14 00:38:50 SERVER -> CLIENT: 220 lb-proxy-2.websupport.sk ESMTP
2018-01-14 00:38:50 CLIENT -> SERVER: EHLO localhost
2018-01-14 00:38:50 SERVER -> CLIENT: 250-lb-proxy-2.websupport.sk250-PIPELINING250-SIZE 33554432250-VRFY250-ETRN250-STARTTLS250-AUTH PLAIN LOGIN DIGEST-MD5 CRAM-MD5250-AUTH=PLAIN LOGIN DIGEST-MD5 CRAM-MD5250-ENHANCEDSTATUSCODES250-8BITMIME250 DSN
2018-01-14 00:38:50 CLIENT -> SERVER: STARTTLS
2018-01-14 00:38:50 SERVER -> CLIENT: 220 2.0.0 Ready to start TLS
2018-01-14 00:38:50 CLIENT -> SERVER: EHLO localhost
2018-01-14 00:38:50 SERVER -> CLIENT: 250-lb-proxy-2.websupport.sk250-PIPELINING250-SIZE 33554432250-VRFY250-ETRN250-AUTH PLAIN LOGIN DIGEST-MD5 CRAM-MD5250-AUTH=PLAIN LOGIN DIGEST-MD5 CRAM-MD5250-ENHANCEDSTATUSCODES250-8BITMIME250 DSN
2018-01-14 00:38:50 CLIENT -> SERVER: AUTH CRAM-MD5
2018-01-14 00:38:50 SERVER -> CLIENT: 334 PDQ0MjA4NzY3NzAxNzY2MzQuMTUxNTg5MDMzMEBsYi1wcm94eS0yPg==
2018-01-14 00:38:50 CLIENT -> SERVER: cGVwcG9AZ21ici5zayBjOTgwMzdkYjAyZDdmNTY5N2EzM2RlMThmNzExYmY4OA==
2018-01-14 00:38:50 SERVER -> CLIENT: 235 2.7.0 Authentication successful
2018-01-14 00:38:50 CLIENT -> SERVER: MAIL FROM:<peppo@gmbr.sk>
2018-01-14 00:38:50 SERVER -> CLIENT: 250 2.1.0 Ok
2018-01-14 00:38:50 CLIENT -> SERVER: RCPT TO:<pepo.g@centrum.sk>
2018-01-14 00:38:50 SERVER -> CLIENT: 250 2.1.5 Ok
2018-01-14 00:38:50 CLIENT -> SERVER: DATA
2018-01-14 00:38:50 SERVER -> CLIENT: 354 End data with <CR><LF>.<CR><LF>
2018-01-14 00:38:50 CLIENT -> SERVER: Date: Sun, 14 Jan 2018 01:38:50 +0100
2018-01-14 00:38:50 CLIENT -> SERVER: To: pepo.g@centrum.sk
2018-01-14 00:38:50 CLIENT -> SERVER: From: Test Mailer <peppo@gmbr.sk>
2018-01-14 00:38:50 CLIENT -> SERVER: Subject: Test Email
2018-01-14 00:38:50 CLIENT -> SERVER: Message-ID: <32783b422258d159784321c4da2eeab4@localhost>
2018-01-14 00:38:50 CLIENT -> SERVER: X-Mailer: PHPMailer 5.2.26 (https://github.com/PHPMailer/PHPMailer)
2018-01-14 00:38:50 CLIENT -> SERVER: MIME-Version: 1.0
2018-01-14 00:38:50 CLIENT -> SERVER: Content-Type: text/plain; charset=iso-8859-1
2018-01-14 00:38:50 CLIENT -> SERVER:
2018-01-14 00:38:50 CLIENT -> SERVER: This is a test email
2018-01-14 00:38:50 CLIENT -> SERVER:
2018-01-14 00:38:50 CLIENT -> SERVER: .
2018-01-14 00:38:50 SERVER -> CLIENT: 250 2.0.0 Ok: queued as 3zJyK62Pbqz65fH
2018-01-14 00:38:50 CLIENT -> SERVER: QUIT
2018-01-14 00:38:50 SERVER -> CLIENT: 221 2.0.0 Bye
2018-01-14 00:38:50 Connection: closed
[SUCCESS] Message sent.
----------------------------------------------------------
